[2025-07-26 14:12:38.105] [info] Парсинг json файла
[2025-07-26 14:12:38.105] [info] Файл с путем = ../Data/CDR_journal.csv открыт успешно
[2025-07-26 14:12:38.105] [info] Файл с путем = ../Data/IMSI_blacklist.txt открыт успешно
[2025-07-26 14:12:38.105] [info] Чтение строки из файла!
[2025-07-26 14:12:38.105] [info] Чтение строки из файла!
[2025-07-26 14:12:38.105] [info] Чтение строки из файла!
[2025-07-26 14:12:38.105] [info] Чтение строки из файла!
[2025-07-26 14:12:38.106] [info] Чтение строки из файла!
[2025-07-26 14:12:38.106] [info] Чтение строки из файла!
[2025-07-26 14:12:38.106] [info] Чтение строки из файла!
[2025-07-26 14:12:38.106] [warning] Достигнут конец файла!
[2025-07-26 14:12:38.106] [info] Чтение строки из файла!
[2025-07-26 14:12:38.106] [info] Инициализация черного списка IMSI
[2025-07-26 14:12:38.106] [info] Создание control plane
[2025-07-26 14:12:38.106] [info] Создание сокета
[2025-07-26 14:12:38.106] [info] Инициализация epoll
[2025-07-26 14:12:38.106] [info] Сервер запущен
[2025-07-26 14:12:42.959] [info] Перебор всех доступных событий
[2025-07-26 14:12:42.960] [info] Сессия успешно создана!
[2025-07-26 14:12:42.960] [info] Отправка данных клиенту
[2025-07-26 14:12:42.960] [warning] Нет данных для чтения
[2025-07-26 14:12:42.994] [info] Обработка клиентских данных
[2025-07-26 14:12:50.820] [info] Перебор всех доступных событий
[2025-07-26 14:12:50.820] [info] Сессия успешно создана!
[2025-07-26 14:12:50.820] [info] Отправка данных клиенту
[2025-07-26 14:12:50.820] [warning] Нет данных для чтения
[2025-07-26 14:12:50.820] [info] Обработка клиентских данных
[2025-07-26 14:13:00.463] [info] Перебор всех доступных событий
[2025-07-26 14:13:00.463] [info] Сессия успешно создана!
[2025-07-26 14:13:00.463] [info] Отправка данных клиенту
[2025-07-26 14:13:00.463] [warning] Нет данных для чтения
[2025-07-26 14:13:00.463] [info] Обработка клиентских данных